{
  "stats": {
    "suites": 0,
    "tests": 2,
    "passes": 2,
    "pending": 0,
    "failures": 0,
    "start": "2023-02-23T14:45:48.451Z",
    "end": "2023-02-23T14:46:11.738Z",
    "duration": 23287,
    "testsRegistered": 2,
    "passPercent": 100,
    "pendingPercent": 0,
    "other": 0,
    "hasOther": false,
    "skipped": 0,
    "hasSkipped": false
  },
  "results": [
    {
      "uuid": "40d16f6a-6fb1-44fa-b9f4-1d43da7598cc",
      "title": "",
      "fullFile": "cypress/integration/checkout.ts",
      "file": "cypress/integration/checkout.ts",
      "beforeHooks": [],
      "afterHooks": [],
      "tests": [
        {
          "title": "User successfully checkout",
          "fullTitle": "User successfully checkout",
          "timedOut": null,
          "duration": 12227,
          "state": "passed",
          "speed": "slow",
          "pass": true,
          "fail": false,
          "pending": false,
          "context": null,
          "code": "loginPage.login(URL, \"standard_user\", \"secret_sauce\");\nloginPage.assertLogin();\ncheckoutPage.doCheckout(\"Dewi\", \"Mawaddah\", \"14045\");\ncheckoutPage.assertCheckout();",
          "err": {},
          "uuid": "ff3252ec-8775-495c-91ae-829c590cbd74",
          "parentUUID": "40d16f6a-6fb1-44fa-b9f4-1d43da7598cc",
          "isHook": false,
          "skipped": false
        },
        {
          "title": "user failed checkout with firstname empty",
          "fullTitle": "user failed checkout with firstname empty",
          "timedOut": null,
          "duration": 5144,
          "state": "passed",
          "speed": "medium",
          "pass": true,
          "fail": false,
          "pending": false,
          "context": null,
          "code": "loginPage.login(URL, \"standard_user\", \"secret_sauce\");\nloginPage.assertLogin();\ncheckoutPage.doFailedCheckout(\"\", \"Mawaddah\", \"14045\");\ncheckoutPage.assertFailCheckout();",
          "err": {},
          "uuid": "964d3b7e-c0d3-4dbb-8595-3b990907ecee",
          "parentUUID": "40d16f6a-6fb1-44fa-b9f4-1d43da7598cc",
          "isHook": false,
          "skipped": false
        }
      ],
      "suites": [],
      "passes": [
        "ff3252ec-8775-495c-91ae-829c590cbd74",
        "964d3b7e-c0d3-4dbb-8595-3b990907ecee"
      ],
      "failures": [],
      "pending": [],
      "skipped": [],
      "duration": 17371,
      "root": true,
      "rootEmpty": false,
      "_timeout": 2000
    }
  ],
  "meta": {
    "mocha": {
      "version": "7.0.1"
    },
    "mochawesome": {
      "options": {
        "quiet": false,
        "reportFilename": "mochawesome",
        "saveHtml": false,
        "saveJson": true,
        "consoleReporter": "spec",
        "useInlineDiffs": false,
        "code": true
      },
      "version": "7.1.3"
    },
    "marge": {
      "options": {
        "chart": true,
        "overwrite": false,
        "html": false,
        "json": true,
        "reportDir": "cypress/reports"
      },
      "version": "6.2.0"
    }
  }
}