{
  "stats": {
    "suites": 0,
    "tests": 3,
    "passes": 0,
    "pending": 0,
    "failures": 3,
    "start": "2023-02-22T13:11:35.012Z",
    "end": "2023-02-22T13:11:50.857Z",
    "duration": 15845,
    "testsRegistered": 3,
    "passPercent": 0,
    "pendingPercent": 0,
    "other": 0,
    "hasOther": false,
    "skipped": 0,
    "hasSkipped": false
  },
  "results": [
    {
      "uuid": "71c719af-b31f-4b0f-9890-3f98ffa59e90",
      "title": "",
      "fullFile": "cypress/integration/login.ts",
      "file": "cypress/integration/login.ts",
      "beforeHooks": [],
      "afterHooks": [],
      "tests": [
        {
          "title": "Test LOGIN",
          "fullTitle": "Test LOGIN",
          "timedOut": null,
          "duration": 13472,
          "state": "failed",
          "speed": null,
          "pass": false,
          "fail": true,
          "pending": false,
          "context": null,
          "code": "loginPage.login(URL, 'standard_user', 'secret_sauce');\nloginPage.assertLogin();",
          "err": {
            "message": "CypressError: `cy.visit()` failed trying to load:\n\nhttps://www.saucedemo.com/\n\nWe attempted to make an http request to this URL but the request failed without a response.\n\nWe received this error at the network level:\n\n  > Error: getaddrinfo ENOTFOUND www.saucedemo.com\n\nCommon situations why this would fail:\n  - you don't have internet access\n  - you forgot to run / boot your web server\n  - your web server isn't accessible\n  - you have weird network configuration settings on your computer",
            "estack": "CypressError: `cy.visit()` failed trying to load:\n\nhttps://www.saucedemo.com/\n\nWe attempted to make an http request to this URL but the request failed without a response.\n\nWe received this error at the network level:\n\n  > Error: getaddrinfo ENOTFOUND www.saucedemo.com\n\nCommon situations why this would fail:\n  - you don't have internet access\n  - you forgot to run / boot your web server\n  - your web server isn't accessible\n  - you have weird network configuration settings on your computer\n    at http://localhost:53347/__cypress/runner/cypress_runner.js:159325:82\n    at visitFailedByErr (http://localhost:53347/__cypress/runner/cypress_runner.js:158675:12)\n    at http://localhost:53347/__cypress/runner/cypress_runner.js:159324:11\n    at tryCatcher (http://localhost:53347/__cypress/runner/cypress_runner.js:13022:23)\n    at Promise._settlePromiseFromHandler (http://localhost:53347/__cypress/runner/cypress_runner.js:10957:31)\n    at Promise._settlePromise (http://localhost:53347/__cypress/runner/cypress_runner.js:11014:18)\n    at Promise._settlePromise0 (http://localhost:53347/__cypress/runner/cypress_runner.js:11059:10)\n    at Promise._settlePromises (http://localhost:53347/__cypress/runner/cypress_runner.js:11135:18)\n    at _drainQueueStep (http://localhost:53347/__cypress/runner/cypress_runner.js:7729:12)\n    at _drainQueue (http://localhost:53347/__cypress/runner/cypress_runner.js:7722:9)\n    at Async.../../node_modules/bluebird/js/release/async.js.Async._drainQueues (http://localhost:53347/__cypress/runner/cypress_runner.js:7738:5)\n    at Async.drainQueues (http://localhost:53347/__cypress/runner/cypress_runner.js:7608:14)\nFrom Your Spec Code:\n    at LoginPage.navigate (http://localhost:53347/__cypress/tests?p=cypress\\integration\\login.ts:164:12)\n    at LoginPage.login (http://localhost:53347/__cypress/tests?p=cypress\\integration\\login.ts:184:14)\n    at Context.eval (http://localhost:53347/__cypress/tests?p=cypress\\integration\\login.ts:105:15)\n\nFrom Node.js Internals:\n  Error: getaddrinfo ENOTFOUND www.saucedemo.com\n      at GetAddrInfoReqWrap.onlookup [as oncomplete] (node:dns:71:26)\n  ",
            "diff": null
          },
          "uuid": "7d0c4b2e-f57c-456a-a09d-0c374ea14d58",
          "parentUUID": "71c719af-b31f-4b0f-9890-3f98ffa59e90",
          "isHook": false,
          "skipped": false
        },
        {
          "title": "Test Sauce Demo Invalid Password",
          "fullTitle": "Test Sauce Demo Invalid Password",
          "timedOut": null,
          "duration": 1040,
          "state": "failed",
          "speed": null,
          "pass": false,
          "fail": true,
          "pending": false,
          "context": null,
          "code": "loginPage.login(URL, 'standard_user', 'invalidPass');\nloginPage.assertLoginFail();",
          "err": {
            "message": "CypressError: `cy.visit()` failed trying to load:\n\nhttps://www.saucedemo.com/\n\nWe attempted to make an http request to this URL but the request failed without a response.\n\nWe received this error at the network level:\n\n  > Error: getaddrinfo ENOTFOUND www.saucedemo.com\n\nCommon situations why this would fail:\n  - you don't have internet access\n  - you forgot to run / boot your web server\n  - your web server isn't accessible\n  - you have weird network configuration settings on your computer",
            "estack": "CypressError: `cy.visit()` failed trying to load:\n\nhttps://www.saucedemo.com/\n\nWe attempted to make an http request to this URL but the request failed without a response.\n\nWe received this error at the network level:\n\n  > Error: getaddrinfo ENOTFOUND www.saucedemo.com\n\nCommon situations why this would fail:\n  - you don't have internet access\n  - you forgot to run / boot your web server\n  - your web server isn't accessible\n  - you have weird network configuration settings on your computer\n    at http://localhost:53347/__cypress/runner/cypress_runner.js:159325:82\n    at visitFailedByErr (http://localhost:53347/__cypress/runner/cypress_runner.js:158675:12)\n    at http://localhost:53347/__cypress/runner/cypress_runner.js:159324:11\n    at tryCatcher (http://localhost:53347/__cypress/runner/cypress_runner.js:13022:23)\n    at Promise._settlePromiseFromHandler (http://localhost:53347/__cypress/runner/cypress_runner.js:10957:31)\n    at Promise._settlePromise (http://localhost:53347/__cypress/runner/cypress_runner.js:11014:18)\n    at Promise._settlePromise0 (http://localhost:53347/__cypress/runner/cypress_runner.js:11059:10)\n    at Promise._settlePromises (http://localhost:53347/__cypress/runner/cypress_runner.js:11135:18)\n    at _drainQueueStep (http://localhost:53347/__cypress/runner/cypress_runner.js:7729:12)\n    at _drainQueue (http://localhost:53347/__cypress/runner/cypress_runner.js:7722:9)\n    at Async.../../node_modules/bluebird/js/release/async.js.Async._drainQueues (http://localhost:53347/__cypress/runner/cypress_runner.js:7738:5)\n    at Async.drainQueues (http://localhost:53347/__cypress/runner/cypress_runner.js:7608:14)\nFrom Your Spec Code:\n    at LoginPage.navigate (http://localhost:53347/__cypress/tests?p=cypress\\integration\\login.ts:164:12)\n    at LoginPage.login (http://localhost:53347/__cypress/tests?p=cypress\\integration\\login.ts:184:14)\n    at Context.eval (http://localhost:53347/__cypress/tests?p=cypress\\integration\\login.ts:109:15)\n\nFrom Node.js Internals:\n  Error: getaddrinfo ENOTFOUND www.saucedemo.com\n      at GetAddrInfoReqWrap.onlookup [as oncomplete] (node:dns:71:26)\n  ",
            "diff": null
          },
          "uuid": "09a73c49-8f53-4026-9d97-cc410c86c5a6",
          "parentUUID": "71c719af-b31f-4b0f-9890-3f98ffa59e90",
          "isHook": false,
          "skipped": false
        },
        {
          "title": "Test Sauce Demo Sauce labs product backpack",
          "fullTitle": "Test Sauce Demo Sauce labs product backpack",
          "timedOut": null,
          "duration": 1034,
          "state": "failed",
          "speed": null,
          "pass": false,
          "fail": true,
          "pending": false,
          "context": null,
          "code": "loginPage.login(URL, 'standard_user', 'secret_sauce');\nloginPage.assertLogin();\ndashboardPage.sauceLabsBackpack();",
          "err": {
            "message": "CypressError: `cy.visit()` failed trying to load:\n\nhttps://www.saucedemo.com/\n\nWe attempted to make an http request to this URL but the request failed without a response.\n\nWe received this error at the network level:\n\n  > Error: getaddrinfo ENOTFOUND www.saucedemo.com\n\nCommon situations why this would fail:\n  - you don't have internet access\n  - you forgot to run / boot your web server\n  - your web server isn't accessible\n  - you have weird network configuration settings on your computer",
            "estack": "CypressError: `cy.visit()` failed trying to load:\n\nhttps://www.saucedemo.com/\n\nWe attempted to make an http request to this URL but the request failed without a response.\n\nWe received this error at the network level:\n\n  > Error: getaddrinfo ENOTFOUND www.saucedemo.com\n\nCommon situations why this would fail:\n  - you don't have internet access\n  - you forgot to run / boot your web server\n  - your web server isn't accessible\n  - you have weird network configuration settings on your computer\n    at http://localhost:53347/__cypress/runner/cypress_runner.js:159325:82\n    at visitFailedByErr (http://localhost:53347/__cypress/runner/cypress_runner.js:158675:12)\n    at http://localhost:53347/__cypress/runner/cypress_runner.js:159324:11\n    at tryCatcher (http://localhost:53347/__cypress/runner/cypress_runner.js:13022:23)\n    at Promise._settlePromiseFromHandler (http://localhost:53347/__cypress/runner/cypress_runner.js:10957:31)\n    at Promise._settlePromise (http://localhost:53347/__cypress/runner/cypress_runner.js:11014:18)\n    at Promise._settlePromise0 (http://localhost:53347/__cypress/runner/cypress_runner.js:11059:10)\n    at Promise._settlePromises (http://localhost:53347/__cypress/runner/cypress_runner.js:11135:18)\n    at _drainQueueStep (http://localhost:53347/__cypress/runner/cypress_runner.js:7729:12)\n    at _drainQueue (http://localhost:53347/__cypress/runner/cypress_runner.js:7722:9)\n    at Async.../../node_modules/bluebird/js/release/async.js.Async._drainQueues (http://localhost:53347/__cypress/runner/cypress_runner.js:7738:5)\n    at Async.drainQueues (http://localhost:53347/__cypress/runner/cypress_runner.js:7608:14)\nFrom Your Spec Code:\n    at LoginPage.navigate (http://localhost:53347/__cypress/tests?p=cypress\\integration\\login.ts:164:12)\n    at LoginPage.login (http://localhost:53347/__cypress/tests?p=cypress\\integration\\login.ts:184:14)\n    at Context.eval (http://localhost:53347/__cypress/tests?p=cypress\\integration\\login.ts:113:15)\n\nFrom Node.js Internals:\n  Error: getaddrinfo ENOTFOUND www.saucedemo.com\n      at GetAddrInfoReqWrap.onlookup [as oncomplete] (node:dns:71:26)\n  ",
            "diff": null
          },
          "uuid": "b9b7606a-6ab6-4e50-809a-3109d6ba70c7",
          "parentUUID": "71c719af-b31f-4b0f-9890-3f98ffa59e90",
          "isHook": false,
          "skipped": false
        }
      ],
      "suites": [],
      "passes": [],
      "failures": [
        "7d0c4b2e-f57c-456a-a09d-0c374ea14d58",
        "09a73c49-8f53-4026-9d97-cc410c86c5a6",
        "b9b7606a-6ab6-4e50-809a-3109d6ba70c7"
      ],
      "pending": [],
      "skipped": [],
      "duration": 15546,
      "root": true,
      "rootEmpty": false,
      "_timeout": 2000
    }
  ],
  "meta": {
    "mocha": {
      "version": "7.0.1"
    },
    "mochawesome": {
      "options": {
        "quiet": false,
        "reportFilename": "mochawesome",
        "saveHtml": false,
        "saveJson": true,
        "consoleReporter": "spec",
        "useInlineDiffs": false,
        "code": true
      },
      "version": "7.1.3"
    },
    "marge": {
      "options": {
        "chart": true,
        "overwrite": false,
        "html": false,
        "json": true,
        "reportDir": "cypress/reports"
      },
      "version": "6.2.0"
    }
  }
}